<?xml version="1.0" encoding="UTF-8"?>
<testsuite name="com.strideai.controller.ActivitiesControllerTest" tests="3" skipped="0" failures="0" errors="0" timestamp="2026-05-01T01:35:34" hostname="Alejandros-MacBook-Air.local" time="0.212">
  <properties/>
  <testcase name="GET activities respects limit and page params()" classname="com.strideai.controller.ActivitiesControllerTest" time="0.187"/>
  <testcase name="GET activities without auth redirects to OAuth2 login()" classname="com.strideai.controller.ActivitiesControllerTest" time="0.01"/>
  <testcase name="GET activities returns list with correct structure()" classname="com.strideai.controller.ActivitiesControllerTest" time="0.011"/>
  <system-out><![CDATA[20:35:32.185 [Test worker] INFO org.springframework.test.context.support.AnnotationConfigContextLoaderUtils -- Could not detect default configuration classes for test class [com.strideai.controller.ActivitiesControllerTest]: ActivitiesControllerTest does not declare any static, non-private, non-final, nested classes annotated with @Configuration.
20:35:32.328 [Test worker] INFO org.springframework.boot.test.context.SpringBootTestContextBootstrapper -- Found @SpringBootConfiguration com.strideai.StrideAiApplication for test class com.strideai.controller.ActivitiesControllerTest

  .   ____          _            __ _ _
 /\\ / ___'_ __ _ _(_)_ __  __ _ \ \ \ \
( ( )\___ | '_ | '_| | '_ \/ _` | \ \ \ \
 \\/  ___)| |_)| | | | | || (_| |  ) ) ) )
  '  |____| .__|_| |_|_| |_\__, | / / / /
 =========|_|==============|___/=/_/_/_/
 :: Spring Boot ::                (v3.2.3)

2026-04-30T20:35:32.704-05:00  INFO 55503 --- [    Test worker] c.s.controller.ActivitiesControllerTest  : Starting ActivitiesControllerTest using Java 21.0.2 with PID 55503 (started by alejandrocifuentesosorio in /Users/alejandrocifuentesosorio/Documents/strideai-backend)
2026-04-30T20:35:32.705-05:00  INFO 55503 --- [    Test worker] c.s.controller.ActivitiesControllerTest  : No active profile set, falling back to 1 default profile: "default"
2026-04-30T20:35:33.937-05:00  INFO 55503 --- [    Test worker] o.s.s.web.DefaultSecurityFilterChain     : Will secure any request with [org.springframework.security.web.session.DisableEncodeUrlFilter@4d9cf71d, org.springframework.security.web.context.request.async.WebAsyncManagerIntegrationFilter@5c43cb12, org.springframework.security.web.context.SecurityContextHolderFilter@43dddfdd, org.springframework.security.web.header.HeaderWriterFilter@7cc3a7f7, org.springframework.web.filter.CorsFilter@5db66c3, org.springframework.security.web.csrf.CsrfFilter@43cc7951, org.springframework.security.web.authentication.logout.LogoutFilter@761b9314, org.springframework.security.oauth2.client.web.OAuth2AuthorizationRequestRedirectFilter@7fdabb3b, org.springframework.security.oauth2.client.web.OAuth2AuthorizationRequestRedirectFilter@7bc6b117, org.springframework.security.oauth2.client.web.OAuth2LoginAuthenticationFilter@51efdb72, org.springframework.security.web.authentication.ui.DefaultLoginPageGeneratingFilter@6dbdeb69, org.springframework.security.web.authentication.ui.DefaultLogoutPageGeneratingFilter@633c0a61, org.springframework.security.web.savedrequest.RequestCacheAwareFilter@7267006e, org.springframework.security.web.servletapi.SecurityContextHolderAwareRequestFilter@745c8a04, org.springframework.security.web.authentication.AnonymousAuthenticationFilter@49322d04, org.springframework.security.oauth2.client.web.OAuth2AuthorizationCodeGrantFilter@17d0d3d7, org.springframework.security.web.access.ExceptionTranslationFilter@15a0f9, org.springframework.security.web.access.intercept.AuthorizationFilter@2259d54f]
2026-04-30T20:35:34.002-05:00  INFO 55503 --- [    Test worker] o.s.b.t.m.w.SpringBootMockServletContext : Initializing Spring TestDispatcherServlet ''
2026-04-30T20:35:34.002-05:00  INFO 55503 --- [    Test worker] o.s.t.web.servlet.TestDispatcherServlet  : Initializing Servlet ''
2026-04-30T20:35:34.003-05:00  INFO 55503 --- [    Test worker] o.s.t.web.servlet.TestDispatcherServlet  : Completed initialization in 1 ms
2026-04-30T20:35:34.086-05:00  INFO 55503 --- [    Test worker] c.s.controller.ActivitiesControllerTest  : Started ActivitiesControllerTest in 1.658 seconds (process running for 5.019)
]]></system-out>
  <system-err><![CDATA[]]></system-err>
</testsuite>
