<?xml version="1.0" encoding="UTF-8"?>
<testsuite name="com.strideai.controller.HealthControllerTest" tests="1" skipped="0" failures="0" errors="0" timestamp="2026-05-01T01:35:34" hostname="Alejandros-MacBook-Air.local" time="0.01">
  <properties/>
  <testcase name="GET health returns 200 with status ok()" classname="com.strideai.controller.HealthControllerTest" time="0.01"/>
  <system-out><![CDATA[2026-04-30T20:35:34.310-05:00  INFO 55503 --- [    Test worker] t.c.s.AnnotationConfigContextLoaderUtils : Could not detect default configuration classes for test class [com.strideai.controller.HealthControllerTest]: HealthControllerTest does not declare any static, non-private, non-final, nested classes annotated with @Configuration.
2026-04-30T20:35:34.317-05:00  INFO 55503 --- [    Test worker] .b.t.c.SpringBootTestContextBootstrapper : Found @SpringBootConfiguration com.strideai.StrideAiApplication for test class com.strideai.controller.HealthControllerTest

  .   ____          _            __ _ _
 /\\ / ___'_ __ _ _(_)_ __  __ _ \ \ \ \
( ( )\___ | '_ | '_| | '_ \/ _` | \ \ \ \
 \\/  ___)| |_)| | | | | || (_| |  ) ) ) )
  '  |____| .__|_| |_|_| |_\__, | / / / /
 =========|_|==============|___/=/_/_/_/
 :: Spring Boot ::                (v3.2.3)

2026-04-30T20:35:34.342-05:00  INFO 55503 --- [    Test worker] c.s.controller.HealthControllerTest      : Starting HealthControllerTest using Java 21.0.2 with PID 55503 (started by alejandrocifuentesosorio in /Users/alejandrocifuentesosorio/Documents/strideai-backend)
2026-04-30T20:35:34.342-05:00  INFO 55503 --- [    Test worker] c.s.controller.HealthControllerTest      : No active profile set, falling back to 1 default profile: "default"
2026-04-30T20:35:34.542-05:00  INFO 55503 --- [    Test worker] o.s.s.web.DefaultSecurityFilterChain     : Will secure any request with [org.springframework.security.web.session.DisableEncodeUrlFilter@5b9ca528, org.springframework.security.web.context.request.async.WebAsyncManagerIntegrationFilter@66011fbc, org.springframework.security.web.context.SecurityContextHolderFilter@798d8247, org.springframework.security.web.header.HeaderWriterFilter@1b6e32ee, org.springframework.web.filter.CorsFilter@77afdbc5, org.springframework.security.web.csrf.CsrfFilter@20331c8e, org.springframework.security.web.authentication.logout.LogoutFilter@69c7eafd, org.springframework.security.oauth2.client.web.OAuth2AuthorizationRequestRedirectFilter@7c6557da, org.springframework.security.oauth2.client.web.OAuth2AuthorizationRequestRedirectFilter@3985175e, org.springframework.security.oauth2.client.web.OAuth2LoginAuthenticationFilter@642b2176, org.springframework.security.web.authentication.ui.DefaultLoginPageGeneratingFilter@2ccb8db3, org.springframework.security.web.authentication.ui.DefaultLogoutPageGeneratingFilter@757ad227, org.springframework.security.web.savedrequest.RequestCacheAwareFilter@41623694, org.springframework.security.web.servletapi.SecurityContextHolderAwareRequestFilter@46d83ec4, org.springframework.security.web.authentication.AnonymousAuthenticationFilter@4b718c45, org.springframework.security.oauth2.client.web.OAuth2AuthorizationCodeGrantFilter@d91e8c7, org.springframework.security.web.access.ExceptionTranslationFilter@1a13b5c1, org.springframework.security.web.access.intercept.AuthorizationFilter@2a23c061]
2026-04-30T20:35:34.552-05:00  INFO 55503 --- [    Test worker] o.s.b.t.m.w.SpringBootMockServletContext : Initializing Spring TestDispatcherServlet ''
2026-04-30T20:35:34.552-05:00  INFO 55503 --- [    Test worker] o.s.t.web.servlet.TestDispatcherServlet  : Initializing Servlet ''
2026-04-30T20:35:34.553-05:00  INFO 55503 --- [    Test worker] o.s.t.web.servlet.TestDispatcherServlet  : Completed initialization in 1 ms
2026-04-30T20:35:34.557-05:00  INFO 55503 --- [    Test worker] c.s.controller.HealthControllerTest      : Started HealthControllerTest in 0.236 seconds (process running for 5.49)
]]></system-out>
  <system-err><![CDATA[]]></system-err>
</testsuite>
