<?xml version="1.0" encoding="UTF-8"?>
<testsuite name="com.strideai.service.AIServiceTest" tests="3" skipped="0" failures="0" errors="0" timestamp="2026-05-01T01:35:30" hostname="Alejandros-MacBook-Air.local" time="1.146">
  <properties/>
  <testcase name="chat preserves conversation history()" classname="com.strideai.service.AIServiceTest" time="1.101"/>
  <testcase name="chat builds system prompt containing athlete activity data()" classname="com.strideai.service.AIServiceTest" time="0.024"/>
  <testcase name="chat returns reply from Anthropic()" classname="com.strideai.service.AIServiceTest" time="0.008"/>
  <system-out><![CDATA[]]></system-out>
  <system-err><![CDATA[WARNING: A Java agent has been loaded dynamically (/Users/alejandrocifuentesosorio/.gradle/caches/modules-2/files-2.1/net.bytebuddy/byte-buddy-agent/1.14.12/be4984cb6fd1ef1d11f218a648889dfda44b8a15/byte-buddy-agent-1.14.12.jar)
WARNING: If a serviceability tool is in use, please run with -XX:+EnableDynamicAgentLoading to hide this warning
WARNING: If a serviceability tool is not in use, please run with -Djdk.instrument.traceUsage for more information
WARNING: Dynamic loading of agents will be disallowed by default in a future release
]]></system-err>
</testsuite>
